#
# There is insufficient memory for the Java Runtime Environment to continue.
# Native memory allocation (malloc) failed to allocate 204816 bytes for Chunk::new
# Possible reasons:
#   The system is out of physical RAM or swap space
#   The process is running with CompressedOops enabled, and the Java Heap may be blocking the growth of the native heap
# Possible solutions:
#   Reduce memory load on the system
#   Increase physical memory or swap space
#   Check if swap backing store is full
#   Decrease Java heap size (-Xmx/-Xms)
#   Decrease number of Java threads
#   Decrease Java thread stack sizes (-Xss)
#   Set larger code cache with -XX:ReservedCodeCacheSize=
#   JVM is running with Unscaled Compressed Oops mode in which the Java heap is
#     placed in the first 4GB address space. The Java Heap base address is the
#     maximum limit for the native heap growth. Please use -XX:HeapBaseMinAddress
#     to set the Java Heap base and to place the Java Heap above 4GB virtual address.
# This output file may be truncated or incomplete.
#
#  Out of Memory Error (src/hotspot/share/memory/arena.cpp:197), pid=1692, tid=2720
#
# JRE version: OpenJDK Runtime Environment (11.0.15) (build 11.0.15+0-b2043.56-9505619)
# Java VM: OpenJDK 64-Bit Server VM (11.0.15+0-b2043.56-9505619, mixed mode, tiered, compressed oops, g1 gc, windows-amd64)
# No core dump will be written. Minidumps are not enabled by default on client versions of Windows
#

---------------  S U M M A R Y ------------

Command Line: --add-opens=java.base/java.util=ALL-UNNAMED --add-opens=java.base/java.lang=ALL-UNNAMED --add-opens=java.base/java.lang.invoke=ALL-UNNAMED --add-opens=java.base/java.util=ALL-UNNAMED --add-opens=java.prefs/java.util.prefs=ALL-UNNAMED --add-opens=java.prefs/java.util.prefs=ALL-UNNAMED --add-opens=java.base/java.nio.charset=ALL-UNNAMED --add-opens=java.base/java.net=ALL-UNNAMED --add-opens=java.base/java.util.concurrent.atomic=ALL-UNNAMED -Xmx1536M -Dfile.encoding=windows-1252 -Duser.country=US -Duser.language=en -Duser.variant org.gradle.launcher.daemon.bootstrap.GradleDaemon 7.4

Host: Intel(R) Core(TM) i5-7200U CPU @ 2.50GHz, 4 cores, 7G,  Windows 10 , 64 bit Build 19041 (10.0.19041.2546)
Time: Fri Mar 24 13:50:53 2023 Morocco Standard Time elapsed time: 2155.346070 seconds (0d 0h 35m 55s)

---------------  T H R E A D  ---------------

Current thread (0x0000018eede17800):  JavaThread "C2 CompilerThread0" daemon [_thread_in_native, id=2720, stack(0x0000005592b00000,0x0000005592c00000)]


Current CompileTask:
C2:2155346 16626 %     4       groovy.lang.MetaClassImpl$MethodIndexAction::iterate @ 76 (119 bytes)

Stack: [0x0000005592b00000,0x0000005592c00000]
Native frames: (J=compiled Java code, j=interpreted, Vv=VM code, C=native code)
V  [jvm.dll+0x64135a]
V  [jvm.dll+0x7d39f9]
V  [jvm.dll+0x7d51b9]
V  [jvm.dll+0x7d58a3]
V  [jvm.dll+0x2691c5]
V  [jvm.dll+0xc1a5c]
V  [jvm.dll+0xc200c]
V  [jvm.dll+0x377462]
V  [jvm.dll+0x342495]
V  [jvm.dll+0x34186a]
V  [jvm.dll+0x2214bd]
V  [jvm.dll+0x220498]
V  [jvm.dll+0x19e851]
V  [jvm.dll+0x230479]
V  [jvm.dll+0x22e5ef]
V  [jvm.dll+0x794de1]
V  [jvm.dll+0x78dc24]
V  [jvm.dll+0x6400f6]
C  [ucrtbase.dll+0x21bb2]
C  [KERNEL32.DLL+0x17614]
C  [ntdll.dll+0x526a1]


---------------  P R O C E S S  ---------------

Threads class SMR info:
_java_thread_list=0x0000018ef2a15ea0, length=43, elements={
0x0000018ed54d5800, 0x0000018eeddf0800, 0x0000018eeddf4000, 0x0000018eede12800,
0x0000018eede13800, 0x0000018eede16800, 0x0000018eede17800, 0x0000018eede19000,
0x0000018eede3e800, 0x0000018eee8c7000, 0x0000018eefe49000, 0x0000018eeef1b800,
0x0000018eefc05000, 0x0000018ef09e2800, 0x0000018ef09e0000, 0x0000018ef09e1800,
0x0000018ef09de800, 0x0000018ef09df800, 0x0000018ef1049000, 0x0000018ef1044800,
0x0000018ef104b000, 0x0000018ef1047800, 0x0000018ef1046000, 0x0000018ef104c800,
0x0000018ef24d9000, 0x0000018ef24da000, 0x0000018ef591d000, 0x0000018eeed09000,
0x0000018ef104f800, 0x0000018ef407c000, 0x0000018ef4079800, 0x0000018ef407b000,
0x0000018ef407c800, 0x0000018ef407d800, 0x0000018ef4078800, 0x0000018ef4078000,
0x0000018ef407a800, 0x0000018ef407e800, 0x0000018eeed03800, 0x0000018eeed08800,
0x0000018eeed04000, 0x0000018eeed05000, 0x0000018ef09e7000
}

Java Threads: ( => current thread )
  0x0000018ed54d5800 JavaThread "main" [_thread_blocked, id=6136, stack(0x0000005591f00000,0x0000005592000000)]
  0x0000018eeddf0800 JavaThread "Reference Handler" daemon [_thread_blocked, id=9876, stack(0x0000005592600000,0x0000005592700000)]
  0x0000018eeddf4000 JavaThread "Finalizer" daemon [_thread_blocked, id=9872, stack(0x0000005592700000,0x0000005592800000)]
  0x0000018eede12800 JavaThread "Signal Dispatcher" daemon [_thread_blocked, id=2196, stack(0x0000005592800000,0x0000005592900000)]
  0x0000018eede13800 JavaThread "Attach Listener" daemon [_thread_blocked, id=3528, stack(0x0000005592900000,0x0000005592a00000)]
  0x0000018eede16800 JavaThread "Service Thread" daemon [_thread_blocked, id=1260, stack(0x0000005592a00000,0x0000005592b00000)]
=>0x0000018eede17800 JavaThread "C2 CompilerThread0" daemon [_thread_in_native, id=2720, stack(0x0000005592b00000,0x0000005592c00000)]
  0x0000018eede19000 JavaThread "C1 CompilerThread0" daemon [_thread_blocked, id=2672, stack(0x0000005592c00000,0x0000005592d00000)]
  0x0000018eede3e800 JavaThread "Sweeper thread" daemon [_thread_blocked, id=10464, stack(0x0000005592d00000,0x0000005592e00000)]
  0x0000018eee8c7000 JavaThread "Common-Cleaner" daemon [_thread_blocked, id=4376, stack(0x0000005592e00000,0x0000005592f00000)]
  0x0000018eefe49000 JavaThread "Daemon health stats" [_thread_blocked, id=1932, stack(0x0000005593300000,0x0000005593400000)]
  0x0000018eeef1b800 JavaThread "Incoming local TCP Connector on port 49983" [_thread_in_native, id=9920, stack(0x0000005593000000,0x0000005593100000)]
  0x0000018eefc05000 JavaThread "Daemon periodic checks" [_thread_blocked, id=8348, stack(0x0000005593400000,0x0000005593500000)]
  0x0000018ef09e2800 JavaThread "Cache worker for journal cache (C:\Users\Praydos\.gradle\caches\journal-1)" [_thread_blocked, id=5924, stack(0x0000005593f00000,0x0000005594000000)]
  0x0000018ef09e0000 JavaThread "File lock request listener" [_thread_in_native, id=8396, stack(0x0000005594000000,0x0000005594100000)]
  0x0000018ef09e1800 JavaThread "Cache worker for file hash cache (C:\Users\Praydos\.gradle\caches\7.4\fileHashes)" [_thread_blocked, id=3976, stack(0x0000005594100000,0x0000005594200000)]
  0x0000018ef09de800 JavaThread "File watcher server" daemon [_thread_in_native, id=3192, stack(0x0000005594300000,0x0000005594400000)]
  0x0000018ef09df800 JavaThread "File watcher consumer" daemon [_thread_blocked, id=7748, stack(0x0000005594400000,0x0000005594500000)]
  0x0000018ef1049000 JavaThread "Cache worker for execution history cache (C:\Users\Praydos\.gradle\caches\7.4\executionHistory)" [_thread_blocked, id=480, stack(0x0000005594900000,0x0000005594a00000)]
  0x0000018ef1044800 JavaThread "jar transforms" [_thread_blocked, id=10852, stack(0x0000005594a00000,0x0000005594b00000)]
  0x0000018ef104b000 JavaThread "jar transforms Thread 2" [_thread_in_native, id=5392, stack(0x0000005594b00000,0x0000005594c00000)]
  0x0000018ef1047800 JavaThread "Cache worker for file content cache (C:\Users\Praydos\.gradle\caches\7.4\fileContent)" [_thread_blocked, id=7668, stack(0x0000005594c00000,0x0000005594d00000)]
  0x0000018ef1046000 JavaThread "jar transforms Thread 3" [_thread_blocked, id=5780, stack(0x0000005594d00000,0x0000005594e00000)]
  0x0000018ef104c800 JavaThread "jar transforms Thread 4" [_thread_blocked, id=4292, stack(0x0000005594e00000,0x0000005594f00000)]
  0x0000018ef24d9000 JavaThread "Memory manager" [_thread_blocked, id=10984, stack(0x0000005597900000,0x0000005597a00000)]
  0x0000018ef24da000 JavaThread "pool-3-thread-1" [_thread_blocked, id=2080, stack(0x0000005597b00000,0x0000005597c00000)]
  0x0000018ef591d000 JavaThread "pool-6-thread-1" [_thread_blocked, id=1968, stack(0x0000005597e00000,0x0000005597f00000)]
  0x0000018eeed09000 JavaThread "pool-9-thread-1" [_thread_blocked, id=1572, stack(0x0000005597700000,0x0000005597800000)]
  0x0000018ef104f800 JavaThread "pool-12-thread-1" [_thread_blocked, id=3372, stack(0x0000005597800000,0x0000005597900000)]
  0x0000018ef407c000 JavaThread "ForkJoinPool.commonPool-worker-3" daemon [_thread_blocked, id=7784, stack(0x0000005598900000,0x0000005598a00000)]
  0x0000018ef4079800 JavaThread "Daemon Thread 4" [_thread_blocked, id=2916, stack(0x0000005591d00000,0x0000005591e00000)]
  0x0000018ef407b000 JavaThread "Handler for socket connection from /127.0.0.1:49983 to /127.0.0.1:52713" [_thread_in_native, id=10864, stack(0x0000005591e00000,0x0000005591f00000)]
  0x0000018ef407c800 JavaThread "Cancel handler" [_thread_blocked, id=11064, stack(0x0000005593500000,0x0000005593600000)]
  0x0000018ef407d800 JavaThread "Daemon worker Thread 4" [_thread_blocked, id=8868, stack(0x0000005593600000,0x0000005593700000)]
  0x0000018ef4078800 JavaThread "Asynchronous log dispatcher for DefaultDaemonConnection: socket connection from /127.0.0.1:49983 to /127.0.0.1:52713" [_thread_blocked, id=2604, stack(0x0000005593a00000,0x0000005593b00000)]
  0x0000018ef4078000 JavaThread "Stdin handler" [_thread_blocked, id=11016, stack(0x0000005593b00000,0x0000005593c00000)]
  0x0000018ef407a800 JavaThread "Daemon client event forwarder" [_thread_blocked, id=1440, stack(0x0000005593c00000,0x0000005593d00000)]
  0x0000018ef407e800 JavaThread "Cache worker for checksums cache (C:\Users\Praydos\Desktop\flutter\i_am_rich\android\.gradle\7.4\checksums)" [_thread_blocked, id=1308, stack(0x0000005593d00000,0x0000005593e00000)]
  0x0000018eeed03800 JavaThread "Cache worker for cache directory md-rule (C:\Users\Praydos\.gradle\caches\7.4\md-rule)" [_thread_blocked, id=5928, stack(0x0000005593e00000,0x0000005593f00000)]
  0x0000018eeed08800 JavaThread "Cache worker for file hash cache (C:\Users\Praydos\Desktop\flutter\i_am_rich\android\.gradle\7.4\fileHashes)" [_thread_blocked, id=8300, stack(0x0000005594200000,0x0000005594300000)]
  0x0000018eeed04000 JavaThread "Cache worker for cache directory md-supplier (C:\Users\Praydos\.gradle\caches\7.4\md-supplier)" [_thread_blocked, id=10748, stack(0x0000005594500000,0x0000005594600000)]
  0x0000018eeed05000 JavaThread "Cache worker for dependencies-accessors (C:\Users\Praydos\Desktop\flutter\i_am_rich\android\.gradle\7.4\dependencies-accessors)" [_thread_blocked, id=7532, stack(0x0000005594600000,0x0000005594700000)]
  0x0000018ef09e7000 JavaThread "C2 CompilerThread1" daemon [_thread_blocked, id=10208, stack(0x0000005594700000,0x0000005594800000)]

Other Threads:
  0x0000018eeddcd800 VMThread "VM Thread" [stack: 0x0000005592500000,0x0000005592600000] [id=6972]
  0x0000018eee8d6000 WatcherThread [stack: 0x0000005592f00000,0x0000005593000000] [id=10520]
  0x0000018ed54f0800 GCTaskThread "GC Thread#0" [stack: 0x0000005592000000,0x0000005592100000] [id=4948]
  0x0000018eef304800 GCTaskThread "GC Thread#1" [stack: 0x0000005593100000,0x0000005593200000] [id=7016]
  0x0000018eeec92800 GCTaskThread "GC Thread#2" [stack: 0x0000005593200000,0x0000005593300000] [id=1500]
  0x0000018eef7d6800 GCTaskThread "GC Thread#3" [stack: 0x0000005593700000,0x0000005593800000] [id=8388]
  0x0000018ed5517800 ConcurrentGCThread "G1 Main Marker" [stack: 0x0000005592100000,0x0000005592200000] [id=6908]
  0x0000018ed5518800 ConcurrentGCThread "G1 Conc#0" [stack: 0x0000005592200000,0x0000005592300000] [id=9232]
  0x0000018ed55a5800 ConcurrentGCThread "G1 Refine#0" [stack: 0x0000005592300000,0x0000005592400000] [id=9040]
  0x0000018eef3c3800 ConcurrentGCThread "G1 Refine#1" [stack: 0x0000005593800000,0x0000005593900000] [id=2728]
  0x0000018eef4e7800 ConcurrentGCThread "G1 Refine#2" [stack: 0x0000005593900000,0x0000005593a00000] [id=7400]
  0x0000018ed55a6800 ConcurrentGCThread "G1 Young RemSet Sampling" [stack: 0x0000005592400000,0x0000005592500000] [id=3196]

Threads with active compile tasks:
C2 CompilerThread0  2155452 16626 %     4       groovy.lang.MetaClassImpl$MethodIndexAction::iterate @ 76 (119 bytes)

VM state:not at safepoint (normal execution)

VM Mutex/Monitor currently owned by a thread: None

Heap address: 0x00000000a0000000, size: 1536 MB, Compressed Oops mode: 32-bit
Narrow klass base: 0x0000000000000000, Narrow klass shift: 3
Compressed class space size: 1073741824 Address: 0x0000000100000000

Heap:
 garbage-first heap   total 247808K, used 130452K [0x00000000a0000000, 0x0000000100000000)
  region size 1024K, 30 young (30720K), 4 survivors (4096K)
 Metaspace       used 109174K, capacity 112523K, committed 112852K, reserved 1146880K
  class space    used 13535K, capacity 14734K, committed 14848K, reserved 1048576K
Heap Regions: E=young(eden), S=young(survivor), O=old, HS=humongous(starts), HC=humongous(continues), CS=collection set, F=free, A=archive, TAMS=top-at-mark-start (previous, next)
|   0|0x00000000a0000000, 0x00000000a0100000, 0x00000000a0100000|100%|HS|  |TAMS 0x00000000a0100000, 0x00000000a0000000| Complete 
|   1|0x00000000a0100000, 0x00000000a0200000, 0x00000000a0200000|100%|HC|  |TAMS 0x00000000a0200000, 0x00000000a0100000| Complete 
|   2|0x00000000a0200000, 0x00000000a0300000, 0x00000000a0300000|100%|HC|  |TAMS 0x00000000a0300000, 0x00000000a0200000| Complete 
|   3|0x00000000a0300000, 0x00000000a0400000, 0x00000000a0400000|100%| O|  |TAMS 0x00000000a0400000, 0x00000000a0300000| Untracked 
|   4|0x00000000a0400000, 0x00000000a0500000, 0x00000000a0500000|100%| O|  |TAMS 0x00000000a0500000, 0x00000000a0400000| Untracked 
|   5|0x00000000a0500000, 0x00000000a0600000, 0x00000000a0600000|100%| O|  |TAMS 0x00000000a0600000, 0x00000000a0500000| Untracked 
|   6|0x00000000a0600000, 0x00000000a0700000, 0x00000000a0700000|100%| O|  |TAMS 0x00000000a0700000, 0x00000000a0600000| Untracked 
|   7|0x00000000a0700000, 0x00000000a0800000, 0x00000000a0800000|100%| O|  |TAMS 0x00000000a0800000, 0x00000000a0700000| Untracked 
|   8|0x00000000a0800000, 0x00000000a0900000, 0x00000000a0900000|100%| O|  |TAMS 0x00000000a0900000, 0x00000000a0800000| Untracked 
|   9|0x00000000a0900000, 0x00000000a0a00000, 0x00000000a0a00000|100%| O|  |TAMS 0x00000000a0a00000, 0x00000000a0900000| Untracked 
|  10|0x00000000a0a00000, 0x00000000a0b00000, 0x00000000a0b00000|100%| O|  |TAMS 0x00000000a0b00000, 0x00000000a0a00000| Untracked 
|  11|0x00000000a0b00000, 0x00000000a0c00000, 0x00000000a0c00000|100%| O|  |TAMS 0x00000000a0c00000, 0x00000000a0b00000| Untracked 
|  12|0x00000000a0c00000, 0x00000000a0d00000, 0x00000000a0d00000|100%| O|  |TAMS 0x00000000a0d00000, 0x00000000a0c00000| Untracked 
|  13|0x00000000a0d00000, 0x00000000a0e00000, 0x00000000a0e00000|100%| O|  |TAMS 0x00000000a0e00000, 0x00000000a0d00000| Untracked 
|  14|0x00000000a0e00000, 0x00000000a0f00000, 0x00000000a0f00000|100%| O|  |TAMS 0x00000000a0f00000, 0x00000000a0e00000| Untracked 
|  15|0x00000000a0f00000, 0x00000000a1000000, 0x00000000a1000000|100%| O|  |TAMS 0x00000000a1000000, 0x00000000a0f00000| Untracked 
|  16|0x00000000a1000000, 0x00000000a1100000, 0x00000000a1100000|100%| O|  |TAMS 0x00000000a1100000, 0x00000000a1000000| Untracked 
|  17|0x00000000a1100000, 0x00000000a1200000, 0x00000000a1200000|100%| O|  |TAMS 0x00000000a1200000, 0x00000000a1100000| Untracked 
|  18|0x00000000a1200000, 0x00000000a1300000, 0x00000000a1300000|100%| O|  |TAMS 0x00000000a1300000, 0x00000000a1200000| Untracked 
|  19|0x00000000a1300000, 0x00000000a1400000, 0x00000000a1400000|100%| O|  |TAMS 0x00000000a1400000, 0x00000000a1300000| Untracked 
|  20|0x00000000a1400000, 0x00000000a1500000, 0x00000000a1500000|100%| O|  |TAMS 0x00000000a1500000, 0x00000000a1400000| Untracked 
|  21|0x00000000a1500000, 0x00000000a1600000, 0x00000000a1600000|100%| O|  |TAMS 0x00000000a1600000, 0x00000000a1500000| Untracked 
|  22|0x00000000a1600000, 0x00000000a1700000, 0x00000000a1700000|100%| O|  |TAMS 0x00000000a1700000, 0x00000000a1600000| Untracked 
|  23|0x00000000a1700000, 0x00000000a1800000, 0x00000000a1800000|100%| O|  |TAMS 0x00000000a1800000, 0x00000000a1700000| Untracked 
|  24|0x00000000a1800000, 0x00000000a1900000, 0x00000000a1900000|100%| O|  |TAMS 0x00000000a1900000, 0x00000000a1800000| Untracked 
|  25|0x00000000a1900000, 0x00000000a1a00000, 0x00000000a1a00000|100%| O|  |TAMS 0x00000000a1a00000, 0x00000000a1900000| Untracked 
|  26|0x00000000a1a00000, 0x00000000a1b00000, 0x00000000a1b00000|100%| O|  |TAMS 0x00000000a1b00000, 0x00000000a1a00000| Untracked 
|  27|0x00000000a1b00000, 0x00000000a1c00000, 0x00000000a1c00000|100%|HS|  |TAMS 0x00000000a1c00000, 0x00000000a1b00000| Complete 
|  28|0x00000000a1c00000, 0x00000000a1d00000, 0x00000000a1d00000|100%|HS|  |TAMS 0x00000000a1d00000, 0x00000000a1c00000| Complete 
|  29|0x00000000a1d00000, 0x00000000a1e00000, 0x00000000a1e00000|100%|HS|  |TAMS 0x00000000a1e00000, 0x00000000a1d00000| Complete 
|  30|0x00000000a1e00000, 0x00000000a1f00000, 0x00000000a1f00000|100%|HS|  |TAMS 0x00000000a1f00000, 0x00000000a1e00000| Complete 
|  31|0x00000000a1f00000, 0x00000000a2000000, 0x00000000a2000000|100%|HS|  |TAMS 0x00000000a2000000, 0x00000000a1f00000| Complete 
|  32|0x00000000a2000000, 0x00000000a2100000, 0x00000000a2100000|100%|HC|  |TAMS 0x00000000a2100000, 0x00000000a2000000| Complete 
|  33|0x00000000a2100000, 0x00000000a2200000, 0x00000000a2200000|100%|HC|  |TAMS 0x00000000a2200000, 0x00000000a2100000| Complete 
|  34|0x00000000a2200000, 0x00000000a2300000, 0x00000000a2300000|100%|HS|  |TAMS 0x00000000a2300000, 0x00000000a2200000| Complete 
|  35|0x00000000a2300000, 0x00000000a2400000, 0x00000000a2400000|100%|HC|  |TAMS 0x00000000a2400000, 0x00000000a2300000| Complete 
|  36|0x00000000a2400000, 0x00000000a2500000, 0x00000000a2500000|100%| O|  |TAMS 0x00000000a2500000, 0x00000000a2400000| Untracked 
|  37|0x00000000a2500000, 0x00000000a2600000, 0x00000000a2600000|100%| O|  |TAMS 0x00000000a2600000, 0x00000000a2500000| Untracked 
|  38|0x00000000a2600000, 0x00000000a2700000, 0x00000000a2700000|100%| O|  |TAMS 0x00000000a2700000, 0x00000000a2600000| Untracked 
|  39|0x00000000a2700000, 0x00000000a2800000, 0x00000000a2800000|100%| O|  |TAMS 0x00000000a2800000, 0x00000000a2700000| Untracked 
|  40|0x00000000a2800000, 0x00000000a2900000, 0x00000000a2900000|100%| O|  |TAMS 0x00000000a2900000, 0x00000000a2800000| Untracked 
|  41|0x00000000a2900000, 0x00000000a2a00000, 0x00000000a2a00000|100%| O|  |TAMS 0x00000000a2a00000, 0x00000000a2900000| Untracked 
|  42|0x00000000a2a00000, 0x00000000a2b00000, 0x00000000a2b00000|100%| O|  |TAMS 0x00000000a2b00000, 0x00000000a2a00000| Untracked 
|  43|0x00000000a2b00000, 0x00000000a2c00000, 0x00000000a2c00000|100%| O|  |TAMS 0x00000000a2c00000, 0x00000000a2b00000| Untracked 
|  44|0x00000000a2c00000, 0x00000000a2d00000, 0x00000000a2d00000|100%| O|  |TAMS 0x00000000a2d00000, 0x00000000a2c00000| Untracked 
|  45|0x00000000a2d00000, 0x00000000a2e00000, 0x00000000a2e00000|100%| O|  |TAMS 0x00000000a2e00000, 0x00000000a2d00000| Untracked 
|  46|0x00000000a2e00000, 0x00000000a2f00000, 0x00000000a2f00000|100%| O|  |TAMS 0x00000000a2f00000, 0x00000000a2e00000| Untracked 
|  47|0x00000000a2f00000, 0x00000000a3000000, 0x00000000a3000000|100%| O|  |TAMS 0x00000000a3000000, 0x00000000a2f00000| Untracked 
|  48|0x00000000a3000000, 0x00000000a3100000, 0x00000000a3100000|100%| O|  |TAMS 0x00000000a3100000, 0x00000000a3000000| Untracked 
|  49|0x00000000a3100000, 0x00000000a3200000, 0x00000000a3200000|100%|HS|  |TAMS 0x00000000a3200000, 0x00000000a3100000| Complete 
|  50|0x00000000a3200000, 0x00000000a3300000, 0x00000000a3300000|100%| O|  |TAMS 0x00000000a3300000, 0x00000000a3200000| Untracked 
|  51|0x00000000a3300000, 0x00000000a3400000, 0x00000000a3400000|100%| O|  |TAMS 0x00000000a3400000, 0x00000000a3300000| Untracked 
|  52|0x00000000a3400000, 0x00000000a3500000, 0x00000000a3500000|100%| O|  |TAMS 0x00000000a3500000, 0x00000000a3400000| Untracked 
|  53|0x00000000a3500000, 0x00000000a3600000, 0x00000000a3600000|100%| O|  |TAMS 0x00000000a3600000, 0x00000000a3500000| Untracked 
|  54|0x00000000a3600000, 0x00000000a3700000, 0x00000000a3700000|100%| O|  |TAMS 0x00000000a3700000, 0x00000000a3600000| Untracked 
|  55|0x00000000a3700000, 0x00000000a3700000, 0x00000000a3800000|  0%| F|  |TAMS 0x00000000a3700000, 0x00000000a3700000| Untracked 
|  56|0x00000000a3800000, 0x00000000a3800000, 0x00000000a3900000|  0%| F|  |TAMS 0x00000000a3800000, 0x00000000a3800000| Untracked 
|  57|0x00000000a3900000, 0x00000000a3a00000, 0x00000000a3a00000|100%|HS|  |TAMS 0x00000000a3a00000, 0x00000000a3900000| Complete 
|  58|0x00000000a3a00000, 0x00000000a3b00000, 0x00000000a3b00000|100%|HC|  |TAMS 0x00000000a3b00000, 0x00000000a3a00000| Complete 
|  59|0x00000000a3b00000, 0x00000000a3c00000, 0x00000000a3c00000|100%| O|  |TAMS 0x00000000a3c00000, 0x00000000a3b00000| Untracked 
|  60|0x00000000a3c00000, 0x00000000a3d00000, 0x00000000a3d00000|100%| O|  |TAMS 0x00000000a3d00000, 0x00000000a3c00000| Untracked 
|  61|0x00000000a3d00000, 0x00000000a3e00000, 0x00000000a3e00000|100%| O|  |TAMS 0x00000000a3e00000, 0x00000000a3d00000| Untracked 
|  62|0x00000000a3e00000, 0x00000000a3e00000, 0x00000000a3f00000|  0%| F|  |TAMS 0x00000000a3e00000, 0x00000000a3e00000| Untracked 
|  63|0x00000000a3f00000, 0x00000000a4000000, 0x00000000a4000000|100%| O|  |TAMS 0x00000000a4000000, 0x00000000a3f00000| Untracked 
|  64|0x00000000a4000000, 0x00000000a4100000, 0x00000000a4100000|100%| O|  |TAMS 0x00000000a4100000, 0x00000000a4000000| Untracked 
|  65|0x00000000a4100000, 0x00000000a4100000, 0x00000000a4200000|  0%| F|  |TAMS 0x00000000a4100000, 0x00000000a4100000| Untracked 
|  66|0x00000000a4200000, 0x00000000a4300000, 0x00000000a4300000|100%| O|  |TAMS 0x00000000a4300000, 0x00000000a4200000| Untracked 
|  67|0x00000000a4300000, 0x00000000a4400000, 0x00000000a4400000|100%| O|  |TAMS 0x00000000a4400000, 0x00000000a4300000| Untracked 
|  68|0x00000000a4400000, 0x00000000a4500000, 0x00000000a4500000|100%| O|  |TAMS 0x00000000a4500000, 0x00000000a4400000| Untracked 
|  69|0x00000000a4500000, 0x00000000a4600000, 0x00000000a4600000|100%| O|  |TAMS 0x00000000a4600000, 0x00000000a4500000| Untracked 
|  70|0x00000000a4600000, 0x00000000a4600000, 0x00000000a4700000|  0%| F|  |TAMS 0x00000000a4600000, 0x00000000a4600000| Untracked 
|  71|0x00000000a4700000, 0x00000000a4700000, 0x00000000a4800000|  0%| F|  |TAMS 0x00000000a4700000, 0x00000000a4700000| Untracked 
|  72|0x00000000a4800000, 0x00000000a4900000, 0x00000000a4900000|100%| O|  |TAMS 0x00000000a4900000, 0x00000000a4800000| Untracked 
|  73|0x00000000a4900000, 0x00000000a4900000, 0x00000000a4a00000|  0%| F|  |TAMS 0x00000000a4900000, 0x00000000a4900000| Untracked 
|  74|0x00000000a4a00000, 0x00000000a4b00000, 0x00000000a4b00000|100%| O|  |TAMS 0x00000000a4b00000, 0x00000000a4a00000| Untracked 
|  75|0x00000000a4b00000, 0x00000000a4b00000, 0x00000000a4c00000|  0%| F|  |TAMS 0x00000000a4b00000, 0x00000000a4b00000| Untracked 
|  76|0x00000000a4c00000, 0x00000000a4d00000, 0x00000000a4d00000|100%| O|  |TAMS 0x00000000a4d00000, 0x00000000a4c00000| Untracked 
|  77|0x00000000a4d00000, 0x00000000a4d00000, 0x00000000a4e00000|  0%| F|  |TAMS 0x00000000a4d00000, 0x00000000a4d00000| Untracked 
|  78|0x00000000a4e00000, 0x00000000a4f00000, 0x00000000a4f00000|100%| O|  |TAMS 0x00000000a4f00000, 0x00000000a4e00000| Untracked 
|  79|0x00000000a4f00000, 0x00000000a4f00000, 0x00000000a5000000|  0%| F|  |TAMS 0x00000000a4f00000, 0x00000000a4f00000| Untracked 
|  80|0x00000000a5000000, 0x00000000a5000000, 0x00000000a5100000|  0%| F|  |TAMS 0x00000000a5000000, 0x00000000a5000000| Untracked 
|  81|0x00000000a5100000, 0x00000000a5200000, 0x00000000a5200000|100%| O|  |TAMS 0x00000000a5200000, 0x00000000a5100000| Untracked 
|  82|0x00000000a5200000, 0x00000000a5300000, 0x00000000a5300000|100%| O|  |TAMS 0x00000000a5300000, 0x00000000a5200000| Untracked 
|  83|0x00000000a5300000, 0x00000000a5300000, 0x00000000a5400000|  0%| F|  |TAMS 0x00000000a5300000, 0x00000000a5300000| Untracked 
|  84|0x00000000a5400000, 0x00000000a5400000, 0x00000000a5500000|  0%| F|  |TAMS 0x00000000a5400000, 0x00000000a5400000| Untracked 
|  85|0x00000000a5500000, 0x00000000a5600000, 0x00000000a5600000|100%| O|  |TAMS 0x00000000a5600000, 0x00000000a5500000| Untracked 
|  86|0x00000000a5600000, 0x00000000a5700000, 0x00000000a5700000|100%| O|  |TAMS 0x00000000a5700000, 0x00000000a5600000| Untracked 
|  87|0x00000000a5700000, 0x00000000a5800000, 0x00000000a5800000|100%| O|  |TAMS 0x00000000a5800000, 0x00000000a5700000| Untracked 
|  88|0x00000000a5800000, 0x00000000a5900000, 0x00000000a5900000|100%| O|  |TAMS 0x00000000a5900000, 0x00000000a5800000| Untracked 
|  89|0x00000000a5900000, 0x00000000a5a00000, 0x00000000a5a00000|100%| O|  |TAMS 0x00000000a5a00000, 0x00000000a5900000| Untracked 
|  90|0x00000000a5a00000, 0x00000000a5b00000, 0x00000000a5b00000|100%| O|  |TAMS 0x00000000a5b00000, 0x00000000a5a00000| Untracked 
|  91|0x00000000a5b00000, 0x00000000a5c00000, 0x00000000a5c00000|100%| O|  |TAMS 0x00000000a5c00000, 0x00000000a5b00000| Untracked 
|  92|0x00000000a5c00000, 0x00000000a5d00000, 0x00000000a5d00000|100%| O|  |TAMS 0x00000000a5d00000, 0x00000000a5c00000| Untracked 
|  93|0x00000000a5d00000, 0x00000000a5e00000, 0x00000000a5e00000|100%| O|  |TAMS 0x00000000a5e00000, 0x00000000a5d00000| Untracked 
|  94|0x00000000a5e00000, 0x00000000a5f00000, 0x00000000a5f00000|100%| O|  |TAMS 0x00000000a5f00000, 0x00000000a5e00000| Untracked 
|  95|0x00000000a5f00000, 0x00000000a6000000, 0x00000000a6000000|100%| O|  |TAMS 0x00000000a6000000, 0x00000000a5f00000| Untracked 
|  96|0x00000000a6000000, 0x00000000a6100000, 0x00000000a6100000|100%| O|  |TAMS 0x00000000a6100000, 0x00000000a6000000| Untracked 
|  97|0x00000000a6100000, 0x00000000a6200000, 0x00000000a6200000|100%| O|  |TAMS 0x00000000a6200000, 0x00000000a6100000| Untracked 
|  98|0x00000000a6200000, 0x00000000a6300000, 0x00000000a6300000|100%| O|  |TAMS 0x00000000a6300000, 0x00000000a6200000| Untracked 
|  99|0x00000000a6300000, 0x00000000a6400000, 0x00000000a6400000|100%| O|  |TAMS 0x00000000a6400000, 0x00000000a6300000| Untracked 
| 100|0x00000000a6400000, 0x00000000a6500000, 0x00000000a6500000|100%| O|  |TAMS 0x00000000a6500000, 0x00000000a6400000| Untracked 
| 101|0x00000000a6500000, 0x00000000a6600000, 0x00000000a6600000|100%| O|  |TAMS 0x00000000a6600000, 0x00000000a6500000| Untracked 
| 102|0x00000000a6600000, 0x00000000a6600000, 0x00000000a6700000|  0%| F|  |TAMS 0x00000000a6600000, 0x00000000a6600000| Untracked 
| 103|0x00000000a6700000, 0x00000000a6700000, 0x00000000a6800000|  0%| F|  |TAMS 0x00000000a6700000, 0x00000000a6700000| Untracked 
| 104|0x00000000a6800000, 0x00000000a6800000, 0x00000000a6900000|  0%| F|  |TAMS 0x00000000a6800000, 0x00000000a6800000| Untracked 
| 105|0x00000000a6900000, 0x00000000a6a00000, 0x00000000a6a00000|100%| O|  |TAMS 0x00000000a6a00000, 0x00000000a6900000| Untracked 
| 106|0x00000000a6a00000, 0x00000000a6b00000, 0x00000000a6b00000|100%| O|  |TAMS 0x00000000a6b00000, 0x00000000a6a00000| Untracked 
| 107|0x00000000a6b00000, 0x00000000a6c00000, 0x00000000a6c00000|100%| O|  |TAMS 0x00000000a6c00000, 0x00000000a6b00000| Untracked 
| 108|0x00000000a6c00000, 0x00000000a6c00000, 0x00000000a6d00000|  0%| F|  |TAMS 0x00000000a6c00000, 0x00000000a6c00000| Untracked 
| 109|0x00000000a6d00000, 0x00000000a6e00000, 0x00000000a6e00000|100%| O|  |TAMS 0x00000000a6e00000, 0x00000000a6d00000| Untracked 
| 110|0x00000000a6e00000, 0x00000000a6e00000, 0x00000000a6f00000|  0%| F|  |TAMS 0x00000000a6e00000, 0x00000000a6e00000| Untracked 
| 111|0x00000000a6f00000, 0x00000000a6f00000, 0x00000000a7000000|  0%| F|  |TAMS 0x00000000a6f00000, 0x00000000a6f00000| Untracked 
| 112|0x00000000a7000000, 0x00000000a7000000, 0x00000000a7100000|  0%| F|  |TAMS 0x00000000a7000000, 0x00000000a7000000| Untracked 
| 113|0x00000000a7100000, 0x00000000a7100000, 0x00000000a7200000|  0%| F|  |TAMS 0x00000000a7100000, 0x00000000a7100000| Untracked 
| 114|0x00000000a7200000, 0x00000000a7200000, 0x00000000a7300000|  0%| F|  |TAMS 0x00000000a7200000, 0x00000000a7200000| Untracked 
| 115|0x00000000a7300000, 0x00000000a7300000, 0x00000000a7400000|  0%| F|  |TAMS 0x00000000a7300000, 0x00000000a7300000| Untracked 
| 116|0x00000000a7400000, 0x00000000a7400000, 0x00000000a7500000|  0%| F|  |TAMS 0x00000000a7400000, 0x00000000a7400000| Untracked 
| 117|0x00000000a7500000, 0x00000000a7500000, 0x00000000a7600000|  0%| F|  |TAMS 0x00000000a7500000, 0x00000000a7500000| Untracked 
| 118|0x00000000a7600000, 0x00000000a7600000, 0x00000000a7700000|  0%| F|  |TAMS 0x00000000a7600000, 0x00000000a7600000| Untracked 
| 119|0x00000000a7700000, 0x00000000a7700000, 0x00000000a7800000|  0%| F|  |TAMS 0x00000000a7700000, 0x00000000a7700000| Untracked 
| 120|0x00000000a7800000, 0x00000000a7800000, 0x00000000a7900000|  0%| F|  |TAMS 0x00000000a7800000, 0x00000000a7800000| Untracked 
| 121|0x00000000a7900000, 0x00000000a7900000, 0x00000000a7a00000|  0%| F|  |TAMS 0x00000000a7900000, 0x00000000a7900000| Untracked 
| 122|0x00000000a7a00000, 0x00000000a7a00000, 0x00000000a7b00000|  0%| F|  |TAMS 0x00000000a7a00000, 0x00000000a7a00000| Untracked 
| 123|0x00000000a7b00000, 0x00000000a7b00000, 0x00000000a7c00000|  0%| F|  |TAMS 0x00000000a7b00000, 0x00000000a7b00000| Untracked 
| 124|0x00000000a7c00000, 0x00000000a7c00000, 0x00000000a7d00000|  0%| F|  |TAMS 0x00000000a7c00000, 0x00000000a7c00000| Untracked 
| 125|0x00000000a7d00000, 0x00000000a7d00000, 0x00000000a7e00000|  0%| F|  |TAMS 0x00000000a7d00000, 0x00000000a7d00000| Untracked 
| 126|0x00000000a7e00000, 0x00000000a7e00000, 0x00000000a7f00000|  0%| F|  |TAMS 0x00000000a7e00000, 0x00000000a7e00000| Untracked 
| 127|0x00000000a7f00000, 0x00000000a7f00000, 0x00000000a8000000|  0%| F|  |TAMS 0x00000000a7f00000, 0x00000000a7f00000| Untracked 
| 128|0x00000000a8000000, 0x00000000a8000000, 0x00000000a8100000|  0%| F|  |TAMS 0x00000000a8000000, 0x00000000a8000000| Untracked 
| 129|0x00000000a8100000, 0x00000000a8100000, 0x00000000a8200000|  0%| F|  |TAMS 0x00000000a8100000, 0x00000000a8100000| Untracked 
| 130|0x00000000a8200000, 0x00000000a8200000, 0x00000000a8300000|  0%| F|  |TAMS 0x00000000a8200000, 0x00000000a8200000| Untracked 
| 131|0x00000000a8300000, 0x00000000a8300000, 0x00000000a8400000|  0%| F|  |TAMS 0x00000000a8300000, 0x00000000a8300000| Untracked 
| 132|0x00000000a8400000, 0x00000000a8400000, 0x00000000a8500000|  0%| F|  |TAMS 0x00000000a8400000, 0x00000000a8400000| Untracked 
| 133|0x00000000a8500000, 0x00000000a8500000, 0x00000000a8600000|  0%| F|  |TAMS 0x00000000a8500000, 0x00000000a8500000| Untracked 
| 134|0x00000000a8600000, 0x00000000a8600000, 0x00000000a8700000|  0%| F|  |TAMS 0x00000000a8600000, 0x00000000a8600000| Untracked 
| 135|0x00000000a8700000, 0x00000000a8700000, 0x00000000a8800000|  0%| F|  |TAMS 0x00000000a8700000, 0x00000000a8700000| Untracked 
| 136|0x00000000a8800000, 0x00000000a8800000, 0x00000000a8900000|  0%| F|  |TAMS 0x00000000a8800000, 0x00000000a8800000| Untracked 
| 137|0x00000000a8900000, 0x00000000a8900000, 0x00000000a8a00000|  0%| F|  |TAMS 0x00000000a8900000, 0x00000000a8900000| Untracked 
| 138|0x00000000a8a00000, 0x00000000a8a00000, 0x00000000a8b00000|  0%| F|  |TAMS 0x00000000a8a00000, 0x00000000a8a00000| Untracked 
| 139|0x00000000a8b00000, 0x00000000a8b00000, 0x00000000a8c00000|  0%| F|  |TAMS 0x00000000a8b00000, 0x00000000a8b00000| Untracked 
| 140|0x00000000a8c00000, 0x00000000a8c00000, 0x00000000a8d00000|  0%| F|  |TAMS 0x00000000a8c00000, 0x00000000a8c00000| Untracked 
| 141|0x00000000a8d00000, 0x00000000a8d00000, 0x00000000a8e00000|  0%| F|  |TAMS 0x00000000a8d00000, 0x00000000a8d00000| Untracked 
| 142|0x00000000a8e00000, 0x00000000a8e00000, 0x00000000a8f00000|  0%| F|  |TAMS 0x00000000a8e00000, 0x00000000a8e00000| Untracked 
| 143|0x00000000a8f00000, 0x00000000a8f00000, 0x00000000a9000000|  0%| F|  |TAMS 0x00000000a8f00000, 0x00000000a8f00000| Untracked 
| 144|0x00000000a9000000, 0x00000000a9000000, 0x00000000a9100000|  0%| F|  |TAMS 0x00000000a9000000, 0x00000000a9000000| Untracked 
| 145|0x00000000a9100000, 0x00000000a9100000, 0x00000000a9200000|  0%| F|  |TAMS 0x00000000a9100000, 0x00000000a9100000| Untracked 
| 146|0x00000000a9200000, 0x00000000a9200000, 0x00000000a9300000|  0%| F|  |TAMS 0x00000000a9200000, 0x00000000a9200000| Untracked 
| 147|0x00000000a9300000, 0x00000000a9300000, 0x00000000a9400000|  0%| F|  |TAMS 0x00000000a9300000, 0x00000000a9300000| Untracked 
| 148|0x00000000a9400000, 0x00000000a9400000, 0x00000000a9500000|  0%| F|  |TAMS 0x00000000a9400000, 0x00000000a9400000| Untracked 
| 149|0x00000000a9500000, 0x00000000a9500000, 0x00000000a9600000|  0%| F|  |TAMS 0x00000000a9500000, 0x00000000a9500000| Untracked 
| 150|0x00000000a9600000, 0x00000000a9600000, 0x00000000a9700000|  0%| F|  |TAMS 0x00000000a9600000, 0x00000000a9600000| Untracked 
| 151|0x00000000a9700000, 0x00000000a9700000, 0x00000000a9800000|  0%| F|  |TAMS 0x00000000a9700000, 0x00000000a9700000| Untracked 
| 152|0x00000000a9800000, 0x00000000a9800000, 0x00000000a9900000|  0%| F|  |TAMS 0x00000000a9800000, 0x00000000a9800000| Untracked 
| 153|0x00000000a9900000, 0x00000000a9900000, 0x00000000a9a00000|  0%| F|  |TAMS 0x00000000a9900000, 0x00000000a9900000| Untracked 
| 154|0x00000000a9a00000, 0x00000000a9a00000, 0x00000000a9b00000|  0%| F|  |TAMS 0x00000000a9a00000, 0x00000000a9a00000| Untracked 
| 155|0x00000000a9b00000, 0x00000000a9b00000, 0x00000000a9c00000|  0%| F|  |TAMS 0x00000000a9b00000, 0x00000000a9b00000| Untracked 
| 156|0x00000000a9c00000, 0x00000000a9c00000, 0x00000000a9d00000|  0%| F|  |TAMS 0x00000000a9c00000, 0x00000000a9c00000| Untracked 
| 157|0x00000000a9d00000, 0x00000000a9d00000, 0x00000000a9e00000|  0%| F|  |TAMS 0x00000000a9d00000, 0x00000000a9d00000| Untracked 
| 158|0x00000000a9e00000, 0x00000000a9e00000, 0x00000000a9f00000|  0%| F|  |TAMS 0x00000000a9e00000, 0x00000000a9e00000| Untracked 
| 159|0x00000000a9f00000, 0x00000000a9f00000, 0x00000000aa000000|  0%| F|  |TAMS 0x00000000a9f00000, 0x00000000a9f00000| Untracked 
| 160|0x00000000aa000000, 0x00000000aa000000, 0x00000000aa100000|  0%| F|  |TAMS 0x00000000aa000000, 0x00000000aa000000| Untracked 
| 161|0x00000000aa100000, 0x00000000aa100000, 0x00000000aa200000|  0%| F|  |TAMS 0x00000000aa100000, 0x00000000aa100000| Untracked 
| 162|0x00000000aa200000, 0x00000000aa200000, 0x00000000aa300000|  0%| F|  |TAMS 0x00000000aa200000, 0x00000000aa200000| Untracked 
| 163|0x00000000aa300000, 0x00000000aa300000, 0x00000000aa400000|  0%| F|  |TAMS 0x00000000aa300000, 0x00000000aa300000| Untracked 
| 164|0x00000000aa400000, 0x00000000aa400000, 0x00000000aa500000|  0%| F|  |TAMS 0x00000000aa400000, 0x00000000aa400000| Untracked 
| 165|0x00000000aa500000, 0x00000000aa500000, 0x00000000aa600000|  0%| F|  |TAMS 0x00000000aa500000, 0x00000000aa500000| Untracked 
| 166|0x00000000aa600000, 0x00000000aa600000, 0x00000000aa700000|  0%| F|  |TAMS 0x00000000aa600000, 0x00000000aa600000| Untracked 
| 167|0x00000000aa700000, 0x00000000aa700000, 0x00000000aa800000|  0%| F|  |TAMS 0x00000000aa700000, 0x00000000aa700000| Untracked 
| 168|0x00000000aa800000, 0x00000000aa800000, 0x00000000aa900000|  0%| F|  |TAMS 0x00000000aa800000, 0x00000000aa800000| Untracked 
| 169|0x00000000aa900000, 0x00000000aa900000, 0x00000000aaa00000|  0%| F|  |TAMS 0x00000000aa900000, 0x00000000aa900000| Untracked 
| 170|0x00000000aaa00000, 0x00000000aaa00000, 0x00000000aab00000|  0%| F|  |TAMS 0x00000000aaa00000, 0x00000000aaa00000| Untracked 
| 171|0x00000000aab00000, 0x00000000aab00000, 0x00000000aac00000|  0%| F|  |TAMS 0x00000000aab00000, 0x00000000aab00000| Untracked 
| 172|0x00000000aac00000, 0x00000000aac00000, 0x00000000aad00000|  0%| F|  |TAMS 0x00000000aac00000, 0x00000000aac00000| Untracked 
| 173|0x00000000aad00000, 0x00000000aad00000, 0x00000000aae00000|  0%| F|  |TAMS 0x00000000aad00000, 0x00000000aad00000| Untracked 
| 174|0x00000000aae00000, 0x00000000aae00000, 0x00000000aaf00000|  0%| F|  |TAMS 0x00000000aae00000, 0x00000000aae00000| Untracked 
| 175|0x00000000aaf00000, 0x00000000aaf00000, 0x00000000ab000000|  0%| F|  |TAMS 0x00000000aaf00000, 0x00000000aaf00000| Untracked 
| 176|0x00000000ab000000, 0x00000000ab000000, 0x00000000ab100000|  0%| F|  |TAMS 0x00000000ab000000, 0x00000000ab000000| Untracked 
| 177|0x00000000ab100000, 0x00000000ab100000, 0x00000000ab200000|  0%| F|  |TAMS 0x00000000ab100000, 0x00000000ab100000| Untracked 
| 178|0x00000000ab200000, 0x00000000ab200000, 0x00000000ab300000|  0%| F|  |TAMS 0x00000000ab200000, 0x00000000ab200000| Untracked 
| 179|0x00000000ab300000, 0x00000000ab300000, 0x00000000ab400000|  0%| F|  |TAMS 0x00000000ab300000, 0x00000000ab300000| Untracked 
| 180|0x00000000ab400000, 0x00000000ab400000, 0x00000000ab500000|  0%| F|  |TAMS 0x00000000ab400000, 0x00000000ab400000| Untracked 
| 181|0x00000000ab500000, 0x00000000ab500000, 0x00000000ab600000|  0%| F|  |TAMS 0x00000000ab500000, 0x00000000ab500000| Untracked 
| 182|0x00000000ab600000, 0x00000000ab600000, 0x00000000ab700000|  0%| F|  |TAMS 0x00000000ab600000, 0x00000000ab600000| Untracked 
| 183|0x00000000ab700000, 0x00000000ab700000, 0x00000000ab800000|  0%| F|  |TAMS 0x00000000ab700000, 0x00000000ab700000| Untracked 
| 184|0x00000000ab800000, 0x00000000ab800000, 0x00000000ab900000|  0%| F|  |TAMS 0x00000000ab800000, 0x00000000ab800000| Untracked 
| 185|0x00000000ab900000, 0x00000000ab900000, 0x00000000aba00000|  0%| F|  |TAMS 0x00000000ab900000, 0x00000000ab900000| Untracked 
| 186|0x00000000aba00000, 0x00000000aba00000, 0x00000000abb00000|  0%| F|  |TAMS 0x00000000aba00000, 0x00000000aba00000| Untracked 
| 187|0x00000000abb00000, 0x00000000abb00000, 0x00000000abc00000|  0%| F|  |TAMS 0x00000000abb00000, 0x00000000abb00000| Untracked 
| 188|0x00000000abc00000, 0x00000000abc00000, 0x00000000abd00000|  0%| F|  |TAMS 0x00000000abc00000, 0x00000000abc00000| Untracked 
| 189|0x00000000abd00000, 0x00000000abd00000, 0x00000000abe00000|  0%| F|  |TAMS 0x00000000abd00000, 0x00000000abd00000| Untracked 
| 190|0x00000000abe00000, 0x00000000abe00000, 0x00000000abf00000|  0%| F|  |TAMS 0x00000000abe00000, 0x00000000abe00000| Untracked 
| 191|0x00000000abf00000, 0x00000000abf00000, 0x00000000ac000000|  0%| F|  |TAMS 0x00000000abf00000, 0x00000000abf00000| Untracked 
| 192|0x00000000ac000000, 0x00000000ac000000, 0x00000000ac100000|  0%| F|  |TAMS 0x00000000ac000000, 0x00000000ac000000| Untracked 
| 193|0x00000000ac100000, 0x00000000ac200000, 0x00000000ac200000|100%| O|  |TAMS 0x00000000ac200000, 0x00000000ac100000| Untracked 
| 194|0x00000000ac200000, 0x00000000ac300000, 0x00000000ac300000|100%| O|  |TAMS 0x00000000ac300000, 0x00000000ac200000| Untracked 
| 195|0x00000000ac300000, 0x00000000ac400000, 0x00000000ac400000|100%| O|  |TAMS 0x00000000ac400000, 0x00000000ac300000| Untracked 
| 196|0x00000000ac400000, 0x00000000ac500000, 0x00000000ac500000|100%| O|  |TAMS 0x00000000ac46e000, 0x00000000ac400000| Untracked 
| 197|0x00000000ac500000, 0x00000000ac500000, 0x00000000ac600000|  0%| F|  |TAMS 0x00000000ac500000, 0x00000000ac500000| Untracked 
| 198|0x00000000ac600000, 0x00000000ac600000, 0x00000000ac700000|  0%| F|  |TAMS 0x00000000ac600000, 0x00000000ac600000| Untracked 
| 199|0x00000000ac700000, 0x00000000ac700000, 0x00000000ac800000|  0%| F|  |TAMS 0x00000000ac700000, 0x00000000ac700000| Untracked 
| 200|0x00000000ac800000, 0x00000000ac800000, 0x00000000ac900000|  0%| F|  |TAMS 0x00000000ac800000, 0x00000000ac800000| Untracked 
| 201|0x00000000ac900000, 0x00000000ac900000, 0x00000000aca00000|  0%| F|  |TAMS 0x00000000ac900000, 0x00000000ac900000| Untracked 
| 202|0x00000000aca00000, 0x00000000aca00000, 0x00000000acb00000|  0%| F|  |TAMS 0x00000000aca00000, 0x00000000aca00000| Untracked 
| 203|0x00000000acb00000, 0x00000000acb00000, 0x00000000acc00000|  0%| F|  |TAMS 0x00000000acb00000, 0x00000000acb00000| Untracked 
| 204|0x00000000acc00000, 0x00000000acc00000, 0x00000000acd00000|  0%| F|  |TAMS 0x00000000acc00000, 0x00000000acc00000| Untracked 
| 205|0x00000000acd00000, 0x00000000acd00000, 0x00000000ace00000|  0%| F|  |TAMS 0x00000000acd00000, 0x00000000acd00000| Untracked 
| 206|0x00000000ace00000, 0x00000000ace00000, 0x00000000acf00000|  0%| F|  |TAMS 0x00000000ace00000, 0x00000000ace00000| Untracked 
| 207|0x00000000acf00000, 0x00000000acf00000, 0x00000000ad000000|  0%| F|  |TAMS 0x00000000acf00000, 0x00000000acf00000| Untracked 
| 208|0x00000000ad000000, 0x00000000ad000000, 0x00000000ad100000|  0%| F|  |TAMS 0x00000000ad000000, 0x00000000ad000000| Untracked 
| 209|0x00000000ad100000, 0x00000000ad100000, 0x00000000ad200000|  0%| F|  |TAMS 0x00000000ad100000, 0x00000000ad100000| Untracked 
| 210|0x00000000ad200000, 0x00000000ad2404f0, 0x00000000ad300000| 25%| E|  |TAMS 0x00000000ad200000, 0x00000000ad200000| Complete 
| 211|0x00000000ad300000, 0x00000000ad400000, 0x00000000ad400000|100%| E|CS|TAMS 0x00000000ad300000, 0x00000000ad300000| Complete 
| 212|0x00000000ad400000, 0x00000000ad500000, 0x00000000ad500000|100%| E|CS|TAMS 0x00000000ad400000, 0x00000000ad400000| Complete 
| 213|0x00000000ad500000, 0x00000000ad600000, 0x00000000ad600000|100%| E|CS|TAMS 0x00000000ad500000, 0x00000000ad500000| Complete 
| 214|0x00000000ad600000, 0x00000000ad700000, 0x00000000ad700000|100%| E|CS|TAMS 0x00000000ad600000, 0x00000000ad600000| Complete 
| 215|0x00000000ad700000, 0x00000000ad800000, 0x00000000ad800000|100%| E|CS|TAMS 0x00000000ad700000, 0x00000000ad700000| Complete 
| 216|0x00000000ad800000, 0x00000000ad900000, 0x00000000ad900000|100%| E|CS|TAMS 0x00000000ad800000, 0x00000000ad800000| Complete 
| 217|0x00000000ad900000, 0x00000000ada00000, 0x00000000ada00000|100%| E|CS|TAMS 0x00000000ad900000, 0x00000000ad900000| Complete 
| 218|0x00000000ada00000, 0x00000000adb00000, 0x00000000adb00000|100%| E|CS|TAMS 0x00000000ada00000, 0x00000000ada00000| Complete 
| 219|0x00000000adb00000, 0x00000000adc00000, 0x00000000adc00000|100%| E|CS|TAMS 0x00000000adb00000, 0x00000000adb00000| Complete 
| 220|0x00000000adc00000, 0x00000000add00000, 0x00000000add00000|100%| E|CS|TAMS 0x00000000adc00000, 0x00000000adc00000| Complete 
| 221|0x00000000add00000, 0x00000000ade00000, 0x00000000ade00000|100%| E|CS|TAMS 0x00000000add00000, 0x00000000add00000| Complete 
| 222|0x00000000ade00000, 0x00000000adf00000, 0x00000000adf00000|100%| E|CS|TAMS 0x00000000ade00000, 0x00000000ade00000| Complete 
| 223|0x00000000adf00000, 0x00000000ae000000, 0x00000000ae000000|100%| E|CS|TAMS 0x00000000adf00000, 0x00000000adf00000| Complete 
| 224|0x00000000ae000000, 0x00000000ae100000, 0x00000000ae100000|100%| E|CS|TAMS 0x00000000ae000000, 0x00000000ae000000| Complete 
| 225|0x00000000ae100000, 0x00000000ae200000, 0x00000000ae200000|100%| E|CS|TAMS 0x00000000ae100000, 0x00000000ae100000| Complete 
| 226|0x00000000ae200000, 0x00000000ae300000, 0x00000000ae300000|100%| E|CS|TAMS 0x00000000ae200000, 0x00000000ae200000| Complete 
| 227|0x00000000ae300000, 0x00000000ae400000, 0x00000000ae400000|100%| E|CS|TAMS 0x00000000ae300000, 0x00000000ae300000| Complete 
| 228|0x00000000ae400000, 0x00000000ae500000, 0x00000000ae500000|100%| E|CS|TAMS 0x00000000ae400000, 0x00000000ae400000| Complete 
| 229|0x00000000ae500000, 0x00000000ae600000, 0x00000000ae600000|100%| E|CS|TAMS 0x00000000ae500000, 0x00000000ae500000| Complete 
| 230|0x00000000ae600000, 0x00000000ae700000, 0x00000000ae700000|100%| E|CS|TAMS 0x00000000ae600000, 0x00000000ae600000| Complete 
| 231|0x00000000ae700000, 0x00000000ae800000, 0x00000000ae800000|100%| E|CS|TAMS 0x00000000ae700000, 0x00000000ae700000| Complete 
| 232|0x00000000ae800000, 0x00000000ae900000, 0x00000000ae900000|100%| E|CS|TAMS 0x00000000ae800000, 0x00000000ae800000| Complete 
| 233|0x00000000ae900000, 0x00000000aea00000, 0x00000000aea00000|100%| E|CS|TAMS 0x00000000ae900000, 0x00000000ae900000| Complete 
| 234|0x00000000aea00000, 0x00000000aeb00000, 0x00000000aeb00000|100%| E|CS|TAMS 0x00000000aea00000, 0x00000000aea00000| Complete 
| 235|0x00000000aeb00000, 0x00000000aec00000, 0x00000000aec00000|100%| E|CS|TAMS 0x00000000aeb00000, 0x00000000aeb00000| Complete 
| 236|0x00000000aec00000, 0x00000000aed00000, 0x00000000aed00000|100%| S|CS|TAMS 0x00000000aec00000, 0x00000000aec00000| Complete 
| 237|0x00000000aed00000, 0x00000000aee00000, 0x00000000aee00000|100%| S|CS|TAMS 0x00000000aed00000, 0x00000000aed00000| Complete 
| 238|0x00000000aee00000, 0x00000000aef00000, 0x00000000aef00000|100%| O|  |TAMS 0x00000000aee00000, 0x00000000aee00000| Untracked 
| 239|0x00000000aef00000, 0x00000000aef65200, 0x00000000af000000| 39%| O|  |TAMS 0x00000000aef00000, 0x00000000aef00000| Untracked 
| 240|0x00000000af000000, 0x00000000af100000, 0x00000000af100000|100%| S|CS|TAMS 0x00000000af000000, 0x00000000af000000| Complete 
| 241|0x00000000af100000, 0x00000000af200000, 0x00000000af200000|100%| S|CS|TAMS 0x00000000af100000, 0x00000000af100000| Complete 

Card table byte_map: [0x0000018ee8300000,0x0000018ee8600000] _byte_map_base: 0x0000018ee7e00000

Marking Bits (Prev, Next): (CMBitMap*) 0x0000018ed5510db8, (CMBitMap*) 0x0000018ed5510df0
 Prev Bits: [0x0000018ee8900000, 0x0000018eea100000)
 Next Bits: [0x0000018eea100000, 0x0000018eeb900000)

Polling page: 0x0000018ed33f0000

Metaspace:

Usage:
  Non-class:     95.50 MB capacity,    93.40 MB ( 98%) used,     1.78 MB (  2%) free+waste,   325.94 KB ( <1%) overhead. 
      Class:     14.39 MB capacity,    13.22 MB ( 92%) used,     1.03 MB (  7%) free+waste,   143.69 KB ( <1%) overhead. 
       Both:    109.89 MB capacity,   106.62 MB ( 97%) used,     2.81 MB (  3%) free+waste,   469.62 KB ( <1%) overhead. 

Virtual space:
  Non-class space:       96.00 MB reserved,      95.71 MB (>99%) committed 
      Class space:        1.00 GB reserved,      14.50 MB (  1%) committed 
             Both:        1.09 GB reserved,     110.21 MB ( 10%) committed 

Chunk freelists:
   Non-Class:  19.00 KB
       Class:  16.00 KB
        Both:  35.00 KB

MaxMetaspaceSize: 17179869184.00 GB
CompressedClassSpaceSize: 1.00 GB
Initial GC threshold: 20.80 MB
Current GC threshold: 182.22 MB
CDS: off

CodeHeap 'non-profiled nmethods': size=120064Kb used=11209Kb max_used=11209Kb free=108854Kb
 bounds [0x0000018ee0ac0000, 0x0000018ee15c0000, 0x0000018ee8000000]
CodeHeap 'profiled nmethods': size=120000Kb used=36922Kb max_used=36922Kb free=83077Kb
 bounds [0x0000018ed9590000, 0x0000018edb9a0000, 0x0000018ee0ac0000]
CodeHeap 'non-nmethods': size=5696Kb used=2411Kb max_used=2448Kb free=3285Kb
 bounds [0x0000018ed9000000, 0x0000018ed9270000, 0x0000018ed9590000]
 total_blobs=17444 nmethods=16508 adapters=847
 compilation: enabled
              stopped_count=0, restarted_count=0
 full_count=0

Compilation events (20 events):
Event: 2155.282 Thread 0x0000018eede19000 nmethod 16619 0x0000018edb977e90 code [0x0000018edb978040, 0x0000018edb978228]
Event: 2155.282 Thread 0x0000018eede19000 16621       3       org.gradle.groovy.scripts.internal.FileCacheBackedScriptClassCompiler$BuildScriptRemapper::remap (83 bytes)
Event: 2155.282 Thread 0x0000018eede17800 16623       4       java.util.zip.Deflater::deflate (9 bytes)
Event: 2155.283 Thread 0x0000018eede19000 nmethod 16621 0x0000018edb978310 code [0x0000018edb978580, 0x0000018edb978d38]
Event: 2155.283 Thread 0x0000018eede19000 16622   !   3       java.lang.StringCoding::lookupCharset (24 bytes)
Event: 2155.283 Thread 0x0000018eede17800 nmethod 16623 0x0000018ee15af110 code [0x0000018ee15af2a0, 0x0000018ee15af328]
Event: 2155.283 Thread 0x0000018eede19000 nmethod 16622 0x0000018edb979010 code [0x0000018edb979220, 0x0000018edb9796b8]
Event: 2155.283 Thread 0x0000018eede19000 16620       3       org.objectweb.asm.MethodVisitor::visitVarInsn (17 bytes)
Event: 2155.283 Thread 0x0000018eede19000 nmethod 16620 0x0000018edb979910 code [0x0000018edb979ac0, 0x0000018edb979ca8]
Event: 2155.288 Thread 0x0000018eede17800 16624       4       java.util.Calendar::get (10 bytes)
Event: 2155.289 Thread 0x0000018eede17800 nmethod 16624 0x0000018ee15af410 code [0x0000018ee15af5a0, 0x0000018ee15af698]
Event: 2155.305 Thread 0x0000018eede17800 16625       4       org.gradle.internal.instantiation.generator.AbstractClassGenerator$PropertyTypePropertyHandler::visitProperty (29 bytes)
Event: 2155.318 Thread 0x0000018eede19000 16627       3       org.gradle.internal.action.DefaultConfigurableRule::of (12 bytes)
Event: 2155.318 Thread 0x0000018eede19000 nmethod 16627 0x0000018edb979d90 code [0x0000018edb979f80, 0x0000018edb97a3c8]
Event: 2155.318 Thread 0x0000018eede19000 16628       1       org.gradle.groovy.scripts.TextResourceScriptSource::getResource (5 bytes)
Event: 2155.319 Thread 0x0000018eede19000 nmethod 16628 0x0000018ee15af810 code [0x0000018ee15af9c0, 0x0000018ee15afa78]
Event: 2155.319 Thread 0x0000018eede17800 nmethod 16625 0x0000018ee15afb10 code [0x0000018ee15afcc0, 0x0000018ee15b03b8]
Event: 2155.319 Thread 0x0000018eede17800 16626 %     4       groovy.lang.MetaClassImpl$MethodIndexAction::iterate @ 76 (119 bytes)
Event: 2155.319 Thread 0x0000018eede19000 16629       3       org.gradle.internal.resource.UriTextResource$UriResourceLocation::getFile (8 bytes)
Event: 2155.320 Thread 0x0000018eede19000 nmethod 16629 0x0000018edb97a590 code [0x0000018edb97a740, 0x0000018edb97a858]

GC Heap History (20 events):
Event: 1700.077 GC heap before
{Heap before GC invocations=59 (full 0):
 garbage-first heap   total 155648K, used 102733K [0x00000000a0000000, 0x0000000100000000)
  region size 1024K, 7 young (7168K), 5 survivors (5120K)
 Metaspace       used 99241K, capacity 102171K, committed 102228K, reserved 1138688K
  class space    used 12307K, capacity 13403K, committed 13440K, reserved 1048576K
}
Event: 1700.099 GC heap after
{Heap after GC invocations=60 (full 0):
 garbage-first heap   total 155648K, used 93082K [0x00000000a0000000, 0x0000000100000000)
  region size 1024K, 1 young (1024K), 1 survivors (1024K)
 Metaspace       used 99241K, capacity 102171K, committed 102228K, reserved 1138688K
  class space    used 12307K, capacity 13403K, committed 13440K, reserved 1048576K
}
Event: 1709.040 GC heap before
{Heap before GC invocations=60 (full 0):
 garbage-first heap   total 155648K, used 123802K [0x00000000a0000000, 0x0000000100000000)
  region size 1024K, 32 young (32768K), 1 survivors (1024K)
 Metaspace       used 99545K, capacity 102626K, committed 102868K, reserved 1138688K
  class space    used 12332K, capacity 13452K, committed 13568K, reserved 1048576K
}
Event: 1709.051 GC heap after
{Heap after GC invocations=61 (full 0):
 garbage-first heap   total 155648K, used 94868K [0x00000000a0000000, 0x0000000100000000)
  region size 1024K, 3 young (3072K), 3 survivors (3072K)
 Metaspace       used 99545K, capacity 102626K, committed 102868K, reserved 1138688K
  class space    used 12332K, capacity 13452K, committed 13568K, reserved 1048576K
}
Event: 1709.691 GC heap before
{Heap before GC invocations=62 (full 0):
 garbage-first heap   total 155648K, used 125588K [0x00000000a0000000, 0x0000000100000000)
  region size 1024K, 34 young (34816K), 3 survivors (3072K)
 Metaspace       used 101265K, capacity 104272K, committed 104532K, reserved 1140736K
  class space    used 12577K, capacity 13680K, committed 13696K, reserved 1048576K
}
Event: 1709.698 GC heap after
{Heap after GC invocations=63 (full 0):
 garbage-first heap   total 155648K, used 95688K [0x00000000a0000000, 0x0000000100000000)
  region size 1024K, 4 young (4096K), 4 survivors (4096K)
 Metaspace       used 101265K, capacity 104272K, committed 104532K, reserved 1140736K
  class space    used 12577K, capacity 13680K, committed 13696K, reserved 1048576K
}
Event: 1709.717 GC heap before
{Heap before GC invocations=63 (full 0):
 garbage-first heap   total 155648K, used 97736K [0x00000000a0000000, 0x0000000100000000)
  region size 1024K, 7 young (7168K), 4 survivors (4096K)
 Metaspace       used 101478K, capacity 104496K, committed 104660K, reserved 1140736K
  class space    used 12611K, capacity 13712K, committed 13824K, reserved 1048576K
}
Event: 1709.726 GC heap after
{Heap after GC invocations=64 (full 0):
 garbage-first heap   total 155648K, used 95431K [0x00000000a0000000, 0x0000000100000000)
  region size 1024K, 1 young (1024K), 1 survivors (1024K)
 Metaspace       used 101478K, capacity 104496K, committed 104660K, reserved 1140736K
  class space    used 12611K, capacity 13712K, committed 13824K, reserved 1048576K
}
Event: 1709.994 GC heap before
{Heap before GC invocations=64 (full 0):
 garbage-first heap   total 155648K, used 127175K [0x00000000a0000000, 0x0000000100000000)
  region size 1024K, 33 young (33792K), 1 survivors (1024K)
 Metaspace       used 103942K, capacity 106960K, committed 107220K, reserved 1142784K
  class space    used 12909K, capacity 14000K, committed 14080K, reserved 1048576K
}
Event: 1710.000 GC heap after
{Heap after GC invocations=65 (full 0):
 garbage-first heap   total 155648K, used 95946K [0x00000000a0000000, 0x0000000100000000)
  region size 1024K, 2 young (2048K), 2 survivors (2048K)
 Metaspace       used 103942K, capacity 106960K, committed 107220K, reserved 1142784K
  class space    used 12909K, capacity 14000K, committed 14080K, reserved 1048576K
}
Event: 1710.747 GC heap before
{Heap before GC invocations=66 (full 0):
 garbage-first heap   total 155648K, used 127690K [0x00000000a0000000, 0x0000000100000000)
  region size 1024K, 34 young (34816K), 2 survivors (2048K)
 Metaspace       used 105922K, capacity 108960K, committed 109268K, reserved 1144832K
  class space    used 13154K, capacity 14277K, committed 14336K, reserved 1048576K
}
Event: 1710.755 GC heap after
{Heap after GC invocations=67 (full 0):
 garbage-first heap   total 155648K, used 98832K [0x00000000a0000000, 0x0000000100000000)
  region size 1024K, 4 young (4096K), 4 survivors (4096K)
 Metaspace       used 105922K, capacity 108960K, committed 109268K, reserved 1144832K
  class space    used 13154K, capacity 14277K, committed 14336K, reserved 1048576K
}
Event: 1711.452 GC heap before
{Heap before GC invocations=68 (full 0):
 garbage-first heap   total 196608K, used 195088K [0x00000000a0000000, 0x0000000100000000)
  region size 1024K, 25 young (25600K), 4 survivors (4096K)
 Metaspace       used 106190K, capacity 109307K, committed 109524K, reserved 1144832K
  class space    used 13169K, capacity 14279K, committed 14336K, reserved 1048576K
}
Event: 1711.462 GC heap after
{Heap after GC invocations=69 (full 0):
 garbage-first heap   total 202752K, used 161683K [0x00000000a0000000, 0x0000000100000000)
  region size 1024K, 2 young (2048K), 2 survivors (2048K)
 Metaspace       used 106190K, capacity 109307K, committed 109524K, reserved 1144832K
  class space    used 13169K, capacity 14279K, committed 14336K, reserved 1048576K
}
Event: 1712.307 GC heap before
{Heap before GC invocations=69 (full 0):
 garbage-first heap   total 202752K, used 176019K [0x00000000a0000000, 0x0000000100000000)
  region size 1024K, 17 young (17408K), 2 survivors (2048K)
 Metaspace       used 106498K, capacity 109637K, committed 109908K, reserved 1144832K
  class space    used 13207K, capacity 14358K, committed 14464K, reserved 1048576K
}
Event: 1712.311 GC heap after
{Heap after GC invocations=70 (full 0):
 garbage-first heap   total 202752K, used 100961K [0x00000000a0000000, 0x0000000100000000)
  region size 1024K, 3 young (3072K), 3 survivors (3072K)
 Metaspace       used 106498K, capacity 109637K, committed 109908K, reserved 1144832K
  class space    used 13207K, capacity 14358K, committed 14464K, reserved 1048576K
}
Event: 1713.716 GC heap before
{Heap before GC invocations=71 (full 0):
 garbage-first heap   total 202752K, used 135777K [0x00000000a0000000, 0x0000000100000000)
  region size 1024K, 39 young (39936K), 3 survivors (3072K)
 Metaspace       used 108585K, capacity 111840K, committed 111956K, reserved 1146880K
  class space    used 13460K, capacity 14678K, committed 14720K, reserved 1048576K
}
Event: 1713.726 GC heap after
{Heap after GC invocations=72 (full 0):
 garbage-first heap   total 202752K, used 103864K [0x00000000a0000000, 0x0000000100000000)
  region size 1024K, 5 young (5120K), 5 survivors (5120K)
 Metaspace       used 108585K, capacity 111840K, committed 111956K, reserved 1146880K
  class space    used 13460K, capacity 14678K, committed 14720K, reserved 1048576K
}
Event: 1714.293 GC heap before
{Heap before GC invocations=73 (full 0):
 garbage-first heap   total 241664K, used 241080K [0x00000000a0000000, 0x0000000100000000)
  region size 1024K, 15 young (15360K), 5 survivors (5120K)
 Metaspace       used 108726K, capacity 111991K, committed 112212K, reserved 1146880K
  class space    used 13482K, capacity 14687K, committed 14720K, reserved 1048576K
}
Event: 1714.302 GC heap after
{Heap after GC invocations=74 (full 0):
 garbage-first heap   total 247808K, used 104852K [0x00000000a0000000, 0x0000000100000000)
  region size 1024K, 4 young (4096K), 4 survivors (4096K)
 Metaspace       used 108726K, capacity 111991K, committed 112212K, reserved 1146880K
  class space    used 13482K, capacity 14687K, committed 14720K, reserved 1048576K
}

Deoptimization events (20 events):
Event: 2155.261 Thread 0x0000018ef1044800 Uncommon trap: trap_request=0xffffff4d fr.pc=0x0000018ee102f33c relative=0x0000000000000b3c
Event: 2155.261 Thread 0x0000018ef1044800 Uncommon trap: reason=unstable_if action=reinterpret pc=0x0000018ee102f33c method=org.objectweb.asm.MethodWriter.visitJumpInsn(ILorg/objectweb/asm/Label;)V @ 254 c2
Event: 2155.261 Thread 0x0000018ef1044800 DEOPT PACKING pc=0x0000018ee102f33c sp=0x0000005594afe250
Event: 2155.261 Thread 0x0000018ef1044800 DEOPT UNPACKING pc=0x0000018ed904a1af sp=0x0000005594afe220 mode 2
Event: 2155.268 Thread 0x0000018ef1044800 Uncommon trap: trap_request=0xffffff4d fr.pc=0x0000018ee1594ce0 relative=0x0000000000000180
Event: 2155.268 Thread 0x0000018ef1044800 Uncommon trap: reason=unstable_if action=reinterpret pc=0x0000018ee1594ce0 method=java.util.Calendar.setFieldsComputed(I)V @ 3 c2
Event: 2155.268 Thread 0x0000018ef1044800 DEOPT PACKING pc=0x0000018ee1594ce0 sp=0x0000005594afda90
Event: 2155.268 Thread 0x0000018ef1044800 DEOPT UNPACKING pc=0x0000018ed904a1af sp=0x0000005594afda20 mode 2
Event: 2155.274 Thread 0x0000018ef1044800 Uncommon trap: trap_request=0xffffff4d fr.pc=0x0000018ee14d0cb4 relative=0x0000000000000474
Event: 2155.274 Thread 0x0000018ef1044800 Uncommon trap: reason=unstable_if action=reinterpret pc=0x0000018ee14d0cb4 method=java.util.zip.Deflater.deflate([BIII)I @ 81 c2
Event: 2155.274 Thread 0x0000018ef1044800 DEOPT PACKING pc=0x0000018ee14d0cb4 sp=0x0000005594afe500
Event: 2155.274 Thread 0x0000018ef1044800 DEOPT UNPACKING pc=0x0000018ed904a1af sp=0x0000005594afe488 mode 2
Event: 2155.282 Thread 0x0000018ef1044800 Uncommon trap: trap_request=0xffffff4d fr.pc=0x0000018ee0f69b24 relative=0x0000000000001b24
Event: 2155.282 Thread 0x0000018ef1044800 Uncommon trap: reason=unstable_if action=reinterpret pc=0x0000018ee0f69b24 method=org.objectweb.asm.Handler.getExceptionTableLength(Lorg/objectweb/asm/Handler;)I @ 5 c2
Event: 2155.282 Thread 0x0000018ef1044800 DEOPT PACKING pc=0x0000018ee0f69b24 sp=0x0000005594afe650
Event: 2155.282 Thread 0x0000018ef1044800 DEOPT UNPACKING pc=0x0000018ed904a1af sp=0x0000005594afe520 mode 2
Event: 2155.282 Thread 0x0000018ef1044800 Uncommon trap: trap_request=0xffffff4d fr.pc=0x0000018ee0f6761c relative=0x00000000000000dc
Event: 2155.282 Thread 0x0000018ef1044800 Uncommon trap: reason=unstable_if action=reinterpret pc=0x0000018ee0f6761c method=org.objectweb.asm.Handler.getExceptionTableLength(Lorg/objectweb/asm/Handler;)I @ 5 c2
Event: 2155.282 Thread 0x0000018ef1044800 DEOPT PACKING pc=0x0000018ee0f6761c sp=0x0000005594afe5e0
Event: 2155.282 Thread 0x0000018ef1044800 DEOPT UNPACKING pc=0x0000018ed904a1af sp=0x0000005594afe510 mode 2

Classes redefined (0 events):
No events

Internal exceptions (20 events):
Event: 1714.289 Thread 0x0000018ef104e000 Exception <a 'java/lang/ClassNotFoundException'{0x00000000a3e875e8}: org/gradle/api/internal/provider/DefaultPropertyCustomizer> (0x00000000a3e875e8) thrown at [src/hotspot/share/classfile/systemDictionary.cpp, line 230]
Event: 1714.292 Thread 0x0000018ef104e000 Exception <a 'java/lang/ClassNotFoundException'{0x00000000a3ee10c0}: org/gradle/api/internal/file/DefaultFilePropertyFactory$AbstractFileVarCustomizer> (0x00000000a3ee10c0) thrown at [src/hotspot/share/classfile/systemDictionary.cpp, line 230]
Event: 1714.306 Thread 0x0000018ef104e000 Exception <a 'java/lang/ClassNotFoundException'{0x00000000aeb53ab0}: org/gradle/api/internal/file/DefaultFilePropertyFactory$DefaultDirectoryVarCustomizer> (0x00000000aeb53ab0) thrown at [src/hotspot/share/classfile/systemDictionary.cpp, line 230]
Event: 1714.319 Thread 0x0000018ef104e000 Exception <a 'java/lang/ClassNotFoundException'{0x00000000ae892b40}: org/codehaus/groovy/runtime/HandleMetaClassBeanInfo> (0x00000000ae892b40) thrown at [src/hotspot/share/classfile/systemDictionary.cpp, line 230]
Event: 1714.320 Thread 0x0000018ef104e000 Exception <a 'java/lang/ClassNotFoundException'{0x00000000ae8cd3b8}: groovy/lang/DelegatingMetaClassBeanInfo> (0x00000000ae8cd3b8) thrown at [src/hotspot/share/classfile/systemDictionary.cpp, line 230]
Event: 1714.322 Thread 0x0000018ef104e000 Exception <a 'java/lang/ClassNotFoundException'{0x00000000ae707c78}: groovy/lang/DelegatingMetaClassCustomizer> (0x00000000ae707c78) thrown at [src/hotspot/share/classfile/systemDictionary.cpp, line 230]
Event: 1714.328 Thread 0x0000018ef104e000 Exception <a 'java/lang/ClassNotFoundException'{0x00000000ae5de0e8}: org/codehaus/groovy/runtime/HandleMetaClassCustomizer> (0x00000000ae5de0e8) thrown at [src/hotspot/share/classfile/systemDictionary.cpp, line 230]
Event: 1714.334 Thread 0x0000018ef104e000 Exception <a 'java/lang/ClassNotFoundException'{0x00000000ae4efc30}: java/util/Collections$SingletonListBeanInfo> (0x00000000ae4efc30) thrown at [src/hotspot/share/classfile/systemDictionary.cpp, line 230]
Event: 1714.334 Thread 0x0000018ef104e000 Exception <a 'java/lang/ClassNotFoundException'{0x00000000ae4f99c8}: java/util/Collections$SingletonListCustomizer> (0x00000000ae4f99c8) thrown at [src/hotspot/share/classfile/systemDictionary.cpp, line 230]
Event: 1714.341 Thread 0x0000018ef104e000 Exception <a 'java/lang/ClassNotFoundException'{0x00000000ae3562c8}: com/android/build/OutputFileBeanInfo> (0x00000000ae3562c8) thrown at [src/hotspot/share/classfile/systemDictionary.cpp, line 230]
Event: 1714.341 Thread 0x0000018ef104e000 Exception <a 'java/lang/ClassNotFoundException'{0x00000000ae364830}: com/android/build/OutputFileCustomizer> (0x00000000ae364830) thrown at [src/hotspot/share/classfile/systemDictionary.cpp, line 230]
Event: 1714.734 Thread 0x0000018ef407c800 Exception <a 'sun/nio/fs/WindowsException'{0x00000000ae2dc7d8}> (0x00000000ae2dc7d8) thrown at [src/hotspot/share/prims/jni.cpp, line 617]
Event: 2155.173 Thread 0x0000018ef104c800 Exception <a 'sun/nio/fs/WindowsException'{0x00000000ad541bf8}> (0x00000000ad541bf8) thrown at [src/hotspot/share/prims/jni.cpp, line 617]
Event: 2155.211 Thread 0x0000018ef104c800 Exception <a 'sun/nio/fs/WindowsException'{0x00000000ad594a78}> (0x00000000ad594a78) thrown at [src/hotspot/share/prims/jni.cpp, line 617]
Event: 2155.218 Thread 0x0000018ef104c800 Exception <a 'sun/nio/fs/WindowsException'{0x00000000ad594c98}> (0x00000000ad594c98) thrown at [src/hotspot/share/prims/jni.cpp, line 617]
Event: 2155.245 Thread 0x0000018ef1044800 Exception <a 'sun/nio/fs/WindowsException'{0x00000000ad5c1df0}> (0x00000000ad5c1df0) thrown at [src/hotspot/share/prims/jni.cpp, line 617]
Event: 2155.296 Thread 0x0000018ef1044800 Exception <a 'sun/nio/fs/WindowsException'{0x00000000ad470930}> (0x00000000ad470930) thrown at [src/hotspot/share/prims/jni.cpp, line 617]
Event: 2155.299 Thread 0x0000018ef1044800 Exception <a 'sun/nio/fs/WindowsException'{0x00000000ad470ab0}> (0x00000000ad470ab0) thrown at [src/hotspot/share/prims/jni.cpp, line 617]
Event: 2155.310 Thread 0x0000018ef407d800 Exception <a 'java/lang/ClassNotFoundException'{0x00000000ad4d94a0}: settings_6jzz6m3sxxdlgnj7868tljjmpBeanInfo> (0x00000000ad4d94a0) thrown at [src/hotspot/share/classfile/systemDictionary.cpp, line 230]
Event: 2155.311 Thread 0x0000018ef407d800 Exception <a 'java/lang/ClassNotFoundException'{0x00000000ad4e5090}: settings_6jzz6m3sxxdlgnj7868tljjmpCustomizer> (0x00000000ad4e5090) thrown at [src/hotspot/share/classfile/systemDictionary.cpp, line 230]

Events (20 events):
Event: 2155.286 loading class org/apache/tools/zip/JarMarker done
Event: 2155.287 loading class org/apache/tools/zip/ZipEightByteInteger
Event: 2155.287 loading class org/apache/tools/zip/ZipEightByteInteger done
Event: 2155.306 loading class groovy/runtime/metaclass/settings_6jzz6m3sxxdlgnj7868tljjmpMetaClass
Event: 2155.306 loading class groovy/runtime/metaclass/settings_6jzz6m3sxxdlgnj7868tljjmpMetaClass done
Event: 2155.310 loading class settings_6jzz6m3sxxdlgnj7868tljjmpBeanInfo
Event: 2155.310 loading class settings_6jzz6m3sxxdlgnj7868tljjmpBeanInfo done
Event: 2155.310 loading class settings_6jzz6m3sxxdlgnj7868tljjmpBeanInfo
Event: 2155.310 loading class settings_6jzz6m3sxxdlgnj7868tljjmpBeanInfo done
Event: 2155.310 loading class settings_6jzz6m3sxxdlgnj7868tljjmpCustomizer
Event: 2155.310 loading class settings_6jzz6m3sxxdlgnj7868tljjmpCustomizer done
Event: 2155.311 loading class settings_6jzz6m3sxxdlgnj7868tljjmpCustomizer
Event: 2155.311 loading class settings_6jzz6m3sxxdlgnj7868tljjmpCustomizer done
Event: 2155.311 Executing VM operation: RevokeBias
Event: 2155.311 Executing VM operation: RevokeBias done
Event: 2155.311 Executing VM operation: RevokeBias
Event: 2155.311 Executing VM operation: RevokeBias done
Event: 2155.314 loading class groovy/runtime/metaclass/settings_6jzz6m3sxxdlgnj7868tljjmp$_run_closure1MetaClass
Event: 2155.314 loading class groovy/runtime/metaclass/settings_6jzz6m3sxxdlgnj7868tljjmp$_run_closure1MetaClass done
Event: 2155.324 Thread 0x0000018eeed05000 Thread added: 0x0000018eeed05000


Dynamic libraries:
0x00007ff6202b0000 - 0x00007ff6202ba000 	C:\Program Files\Android\Android Studio\jre\bin\java.exe
0x00007ffe6a890000 - 0x00007ffe6aa88000 	C:\Windows\SYSTEM32\ntdll.dll
0x00007ffe69ed0000 - 0x00007ffe69f8f000 	C:\Windows\System32\KERNEL32.DLL
0x00007ffe67f90000 - 0x00007ffe68262000 	C:\Windows\System32\KERNELBASE.dll
0x00007ffe68750000 - 0x00007ffe68850000 	C:\Windows\System32\ucrtbase.dll
0x00007ffe60f60000 - 0x00007ffe60f77000 	C:\Program Files\Android\Android Studio\jre\bin\jli.dll
0x00007ffe69030000 - 0x00007ffe691d1000 	C:\Windows\System32\USER32.dll
0x00007ffe68720000 - 0x00007ffe68742000 	C:\Windows\System32\win32u.dll
0x00007ffe68aa0000 - 0x00007ffe68acb000 	C:\Windows\System32\GDI32.dll
0x00007ffe684b0000 - 0x00007ffe685bf000 	C:\Windows\System32\gdi32full.dll
0x00007ffe68680000 - 0x00007ffe6871d000 	C:\Windows\System32\msvcp_win.dll
0x00007ffe61910000 - 0x00007ffe6192b000 	C:\Program Files\Android\Android Studio\jre\bin\VCRUNTIME140.dll
0x00007ffe56170000 - 0x00007ffe5640a000 	C:\Windows\WinSxS\amd64_microsoft.windows.common-controls_6595b64144ccf1df_6.0.19041.1110_none_60b5254171f9507e\COMCTL32.dll
0x00007ffe6a170000 - 0x00007ffe6a20e000 	C:\Windows\System32\msvcrt.dll
0x00007ffe691e0000 - 0x00007ffe69210000 	C:\Windows\System32\IMM32.DLL
0x00007ffe65460000 - 0x00007ffe6546c000 	C:\Program Files\Android\Android Studio\jre\bin\vcruntime140_1.dll
0x00007ffe3beb0000 - 0x00007ffe3bf3d000 	C:\Program Files\Android\Android Studio\jre\bin\msvcp140.dll
0x00007ffe1d390000 - 0x00007ffe1df4c000 	C:\Program Files\Android\Android Studio\jre\bin\server\jvm.dll
0x00007ffe69220000 - 0x00007ffe692ce000 	C:\Windows\System32\ADVAPI32.dll
0x00007ffe69380000 - 0x00007ffe6941c000 	C:\Windows\System32\sechost.dll
0x00007ffe6a040000 - 0x00007ffe6a164000 	C:\Windows\System32\RPCRT4.dll
0x00007ffe6a340000 - 0x00007ffe6a348000 	C:\Windows\System32\PSAPI.DLL
0x00007ffe49490000 - 0x00007ffe494b7000 	C:\Windows\SYSTEM32\WINMM.dll
0x00007ffe64530000 - 0x00007ffe64539000 	C:\Windows\SYSTEM32\WSOCK32.dll
0x00007ffe68bb0000 - 0x00007ffe68c1b000 	C:\Windows\System32\WS2_32.dll
0x00007ffe641d0000 - 0x00007ffe641da000 	C:\Windows\SYSTEM32\VERSION.dll
0x00007ffe66810000 - 0x00007ffe66822000 	C:\Windows\SYSTEM32\kernel.appcore.dll
0x00007ffe653e0000 - 0x00007ffe653f0000 	C:\Program Files\Android\Android Studio\jre\bin\verify.dll
0x00007ffe65d30000 - 0x00007ffe65f14000 	C:\Windows\SYSTEM32\DBGHELP.DLL
0x00007ffe51cf0000 - 0x00007ffe51d25000 	C:\Windows\SYSTEM32\dbgcore.DLL
0x00007ffe68850000 - 0x00007ffe688d2000 	C:\Windows\System32\bcryptPrimitives.dll
0x00007ffe59b60000 - 0x00007ffe59b88000 	C:\Program Files\Android\Android Studio\jre\bin\java.dll
0x00007ffe65390000 - 0x00007ffe6539a000 	C:\Program Files\Android\Android Studio\jre\bin\jimage.dll
0x00007ffe597a0000 - 0x00007ffe597b8000 	C:\Program Files\Android\Android Studio\jre\bin\zip.dll
0x00007ffe69420000 - 0x00007ffe69b65000 	C:\Windows\System32\SHELL32.dll
0x00007ffe66030000 - 0x00007ffe667c2000 	C:\Windows\SYSTEM32\windows.storage.dll
0x00007ffe69b70000 - 0x00007ffe69ec5000 	C:\Windows\System32\combase.dll
0x00007ffe67910000 - 0x00007ffe67940000 	C:\Windows\SYSTEM32\Wldp.dll
0x00007ffe69f90000 - 0x00007ffe6a03d000 	C:\Windows\System32\SHCORE.dll
0x00007ffe6a210000 - 0x00007ffe6a265000 	C:\Windows\System32\shlwapi.dll
0x00007ffe67ed0000 - 0x00007ffe67eef000 	C:\Windows\SYSTEM32\profapi.dll
0x00007ffe55a10000 - 0x00007ffe55a29000 	C:\Program Files\Android\Android Studio\jre\bin\net.dll
0x00007ffe5e1f0000 - 0x00007ffe5e2fa000 	C:\Windows\SYSTEM32\WINHTTP.dll
0x00007ffe67670000 - 0x00007ffe676da000 	C:\Windows\system32\mswsock.dll
0x00007ffe3be90000 - 0x00007ffe3bea3000 	C:\Program Files\Android\Android Studio\jre\bin\nio.dll
0x00007ffe3be60000 - 0x00007ffe3be87000 	C:\Users\Praydos\.gradle\native\e1d6ef7f7dcc3fd88c89a11ec53ec762bb8ba0a96d01ffa2cd45eb1d1d8dd5c5\windows-amd64\native-platform.dll
0x00007ffe3bd10000 - 0x00007ffe3be54000 	C:\Users\Praydos\.gradle\native\0d407fdbe67a94daf76414ababcb853783967236a71b16ec16e742cd7a986fd3\windows-amd64\native-platform-file-events.dll
0x00007ffe629a0000 - 0x00007ffe629aa000 	C:\Program Files\Android\Android Studio\jre\bin\management.dll
0x00007ffe59b40000 - 0x00007ffe59b4b000 	C:\Program Files\Android\Android Studio\jre\bin\management_ext.dll
0x00007ffe67860000 - 0x00007ffe67878000 	C:\Windows\SYSTEM32\CRYPTSP.dll
0x00007ffe66f90000 - 0x00007ffe66fc4000 	C:\Windows\system32\rsaenh.dll
0x00007ffe68480000 - 0x00007ffe684a7000 	C:\Windows\System32\bcrypt.dll
0x00007ffe67e90000 - 0x00007ffe67ebe000 	C:\Windows\SYSTEM32\USERENV.dll
0x00007ffe67880000 - 0x00007ffe6788c000 	C:\Windows\SYSTEM32\CRYPTBASE.dll
0x00007ffe67360000 - 0x00007ffe6739b000 	C:\Windows\SYSTEM32\IPHLPAPI.DLL
0x00007ffe69020000 - 0x00007ffe69028000 	C:\Windows\System32\NSI.dll
0x00007ffe5edc0000 - 0x00007ffe5edd7000 	C:\Windows\SYSTEM32\dhcpcsvc6.DLL
0x00007ffe5fa20000 - 0x00007ffe5fa3d000 	C:\Windows\SYSTEM32\dhcpcsvc.DLL
0x00007ffe673a0000 - 0x00007ffe6746b000 	C:\Windows\SYSTEM32\DNSAPI.dll
0x00007ffe62970000 - 0x00007ffe62997000 	C:\Program Files\Android\Android Studio\jre\bin\sunec.dll

dbghelp: loaded successfully - version: 4.0.5 - missing functions: none
symbol engine: initialized successfully - sym options: 0x614 - pdb path: .;C:\Program Files\Android\Android Studio\jre\bin;C:\Windows\SYSTEM32;C:\Windows\WinSxS\amd64_microsoft.windows.common-controls_6595b64144ccf1df_6.0.19041.1110_none_60b5254171f9507e;C:\Program Files\Android\Android Studio\jre\bin\server;C:\Users\Praydos\.gradle\native\e1d6ef7f7dcc3fd88c89a11ec53ec762bb8ba0a96d01ffa2cd45eb1d1d8dd5c5\windows-amd64;C:\Users\Praydos\.gradle\native\0d407fdbe67a94daf76414ababcb853783967236a71b16ec16e742cd7a986fd3\windows-amd64

VM Arguments:
jvm_args: --add-opens=java.base/java.util=ALL-UNNAMED --add-opens=java.base/java.lang=ALL-UNNAMED --add-opens=java.base/java.lang.invoke=ALL-UNNAMED --add-opens=java.base/java.util=ALL-UNNAMED --add-opens=java.prefs/java.util.prefs=ALL-UNNAMED --add-opens=java.prefs/java.util.prefs=ALL-UNNAMED --add-opens=java.base/java.nio.charset=ALL-UNNAMED --add-opens=java.base/java.net=ALL-UNNAMED --add-opens=java.base/java.util.concurrent.atomic=ALL-UNNAMED -Xmx1536M -Dfile.encoding=windows-1252 -Duser.country=US -Duser.language=en -Duser.variant 
java_command: org.gradle.launcher.daemon.bootstrap.GradleDaemon 7.4
java_class_path (initial): C:\Users\Praydos\.gradle\wrapper\dists\gradle-7.4-all\aadb4xli5jkdsnukm30eibyiu\gradle-7.4\lib\gradle-launcher-7.4.jar
Launcher Type: SUN_STANDARD

[Global flags]
     intx CICompilerCount                          = 3                                         {product} {ergonomic}
     uint ConcGCThreads                            = 1                                         {product} {ergonomic}
     uint G1ConcRefinementThreads                  = 4                                         {product} {ergonomic}
   size_t G1HeapRegionSize                         = 1048576                                   {product} {ergonomic}
    uintx GCDrainStackTargetSize                   = 64                                        {product} {ergonomic}
   size_t InitialHeapSize                          = 132120576                                 {product} {ergonomic}
   size_t MarkStackSize                            = 4194304                                   {product} {ergonomic}
   size_t MaxHeapSize                              = 1610612736                                {product} {command line}
   size_t MaxNewSize                               = 965738496                                 {product} {ergonomic}
   size_t MinHeapDeltaBytes                        = 1048576                                   {product} {ergonomic}
    uintx NonNMethodCodeHeapSize                   = 5830732                                {pd product} {ergonomic}
    uintx NonProfiledCodeHeapSize                  = 122913754                              {pd product} {ergonomic}
    uintx ProfiledCodeHeapSize                     = 122913754                              {pd product} {ergonomic}
    uintx ReservedCodeCacheSize                    = 251658240                              {pd product} {ergonomic}
     bool SegmentedCodeCache                       = true                                      {product} {ergonomic}
     bool UseCompressedClassPointers               = true                                 {lp64_product} {ergonomic}
     bool UseCompressedOops                        = true                                 {lp64_product} {ergonomic}
     bool UseG1GC                                  = true                                      {product} {ergonomic}
     bool UseLargePagesIndividualAllocation        = false                                  {pd product} {ergonomic}

Logging:
Log output configuration:
 #0: stdout all=warning uptime,level,tags
 #1: stderr all=off uptime,level,tags

Environment Variables:
JAVA_HOME=C:\Program Files\Android\Android Studio\jre
CLASSPATH=C:\Users\Praydos\Desktop\flutter\projet_m3a_frida\android\\gradle\wrapper\gradle-wrapper.jar
PATH=C:\Program Files\Common Files\Oracle\Java\javapath;C:\ffmpeg\bin;C:\Program Files (x86)\Common Files\Oracle\Java\javapath;C:\ProgramData\Oracle\Java\javapath;C:\Windows\system32;C:\Windows;C:\Windows\System32\Wbem;C:\Windows\System32\WindowsPowerShell\v1.0\;C:\Windows\System32\OpenSSH\;C:\Users\Praydos\AppData\Local\Programs\Python\Python310\Scripts\;C:\Users\Praydos\AppData\Local\Programs\Python\Python310\;C:\Users\Praydos\AppData\Local\Microsoft\WindowsApps;C:\Users\Praydos\AppData\Local\Programs\Microsoft VS Code\bin;C:\dart-sdk\bin;C:\Program Files\Java\jdk-19\bin;C:\Program Files\Git\cmd;C:\Program Files\nodejs\;C:\ProgramData\chocolatey\bin;C:\Users\Praydos\AppData\Local\Programs\Python\Python310\Scripts\;C:\Users\Praydos\AppData\Local\Programs\Python\Python310\;C:\Users\Praydos\AppData\Local\Microsoft\WindowsApps;C:\Users\Praydos\AppData\Local\Programs\Microsoft VS Code\bin;C:\wamp64\bin\php\php5.6.40;C:\Users\Praydos\AppData\Local\ComposerSetup\bin;C:\Users\Praydos\AppData\Roaming\Composer\vendor\bin;C:\Users\Praydos\AppData\Roaming\npm;C:\src\flutter\flutter\bin\mingit\cmd
USERNAME=Praydos
OS=Windows_NT
PROCESSOR_IDENTIFIER=Intel64 Family 6 Model 142 Stepping 9, GenuineIntel



---------------  S Y S T E M  ---------------

OS: Windows 10 , 64 bit Build 19041 (10.0.19041.2546)
OS uptime: 0 days 0:40 hours

CPU:total 4 (initial active 4) (2 cores per cpu, 2 threads per core) family 6 model 142 stepping 9 microcode 0xb4, cmov, cx8, fxsr, mmx, sse, sse2, sse3, ssse3, sse4.1, sse4.2, popcnt, avx, avx2, aes, clmul, erms, 3dnowpref, lzcnt, ht, tsc, tscinvbit, bmi1, bmi2, adx, fma

Memory: 4k page, system-wide physical 8058M (481M free)
TotalPageFile size 8058M (AvailPageFile size 197M)
current process WorkingSet (physical memory assigned to process): 236M, peak: 523M
current process commit charge ("private bytes"): 576M, peak: 623M

vm_info: OpenJDK 64-Bit Server VM (11.0.15+0-b2043.56-9505619) for windows-amd64 JRE (11.0.15+0-b2043.56-9505619), built on Jan 19 2023 02:48:00 by "builduser" with unknown MS VC++:1929

END.
